BLASTP 2.2.25+


Reference: Stephen F. Altschul, Thomas L. Madden, Alejandro A.
Schaffer, Jinghui Zhang, Zheng Zhang, Webb Miller, and David J.
Lipman (1997), "Gapped BLAST and PSI-BLAST: a new generation of
protein database search programs", Nucleic Acids Res. 25:3389-3402.



Reference for composition-based statistics: Alejandro A. Schaffer,
L. Aravind, Thomas L. Madden, Sergei Shavirin, John L. Spouge, Yuri
I. Wolf, Eugene V. Koonin, and Stephen F. Altschul (2001),
"Improving the accuracy of PSI-BLAST protein database searches with
composition-based statistics and other refinements", Nucleic Acids
Res. 29:2994-3005.



Database: hor.fasta
           5,730 sequences; 111,719 total letters



Query= 
Length=8
                                                                      Score     E
Sequences producing significant alignments:                          (Bits)  Value

  hor000006                                                           20.4    0.64 
  hor000023                                                           18.9    2.0  
  hor000009                                                           18.5    2.2  
  hor004942                                                           18.5    2.2  
  hor000028                                                           18.5    2.2  
  hor000018                                                           18.5    2.2  
  hor004841                                                           18.5    2.6  
  hor000024                                                           17.7    3.7  
  hor004931                                                           17.7    4.1  
  hor004919                                                           17.7    4.1  
  hor004878                                                           17.7    4.2  
  hor004870                                                           17.7    4.2  
  hor004865                                                           17.7    4.2  
  hor000026                                                           17.7    4.3  
  hor000012                                                           17.7    4.3  
  hor000027                                                           17.3    4.9  
  hor000030                                                           17.3    5.0  
  hor000019                                                           17.3    5.0  
  hor000020                                                           16.9    8.2  
  hor005539                                                           16.5    8.4  
  hor004854                                                           16.5    8.4  
  hor004836                                                           16.5    8.4  
  hor005482                                                           16.5    9.6  
  hor005480                                                           16.5    9.6  
  hor005478                                                           16.5    9.6  


> hor000006
Length=8

 Score = 20.4 bits (41),  Expect = 0.64, Method: Compositional matrix adjust.
 Identities = 8/8 (100%), Positives = 8/8 (100%), Gaps = 0/8 (0%)

Query  1  ELTFTPAW  8
          ELTFTPAW
Sbjct  1  ELTFTPAW  8


> hor000023
Length=10

 Score = 18.9 bits (37),  Expect = 2.0, Method: Compositional matrix adjust.
 Identities = 7/8 (88%), Positives = 7/8 (88%), Gaps = 0/8 (0%)

Query  1  ELTFTPAW  8
          ELTFTP W
Sbjct  1  ELTFTPNW  8


> hor000009
Length=10

 Score = 18.5 bits (36),  Expect = 2.2, Method: Compositional matrix adjust.
 Identities = 7/8 (88%), Positives = 7/8 (88%), Gaps = 0/8 (0%)

Query  1  ELTFTPAW  8
          ELTFTP W
Sbjct  1  ELTFTPNW  8


> hor004942
Length=10

 Score = 18.5 bits (36),  Expect = 2.2, Method: Compositional matrix adjust.
 Identities = 6/8 (75%), Positives = 7/8 (88%), Gaps = 0/8 (0%)

Query  1  ELTFTPAW  8
          +LTFTP W
Sbjct  1  QLTFTPGW  8


> hor000028
Length=8

 Score = 18.5 bits (36),  Expect = 2.2, Method: Compositional matrix adjust.
 Identities = 7/8 (88%), Positives = 7/8 (88%), Gaps = 0/8 (0%)

Query  1  ELTFTPAW  8
          ELTFTP W
Sbjct  1  ELTFTPNW  8


> hor000018
Length=8

 Score = 18.5 bits (36),  Expect = 2.2, Method: Compositional matrix adjust.
 Identities = 7/8 (88%), Positives = 7/8 (88%), Gaps = 0/8 (0%)

Query  1  ELTFTPAW  8
          ELTFTP W
Sbjct  1  ELTFTPNW  8


> hor004841
Length=8

 Score = 18.5 bits (36),  Expect = 2.6, Method: Compositional matrix adjust.
 Identities = 6/8 (75%), Positives = 7/8 (88%), Gaps = 0/8 (0%)

Query  1  ELTFTPAW  8
          +LTFTP W
Sbjct  1  QLTFTPGW  8


> hor000024
Length=8

 Score = 17.7 bits (34),  Expect = 3.7, Method: Compositional matrix adjust.
 Identities = 6/8 (75%), Positives = 7/8 (88%), Gaps = 0/8 (0%)

Query  1  ELTFTPAW  8
          E+TFTP W
Sbjct  1  EITFTPNW  8


> hor004931
Length=10

 Score = 17.7 bits (34),  Expect = 4.1, Method: Compositional matrix adjust.
 Identities = 6/8 (75%), Positives = 7/8 (88%), Gaps = 0/8 (0%)

Query  1  ELTFTPAW  8
          +LTFTP W
Sbjct  1  QLTFTPNW  8


> hor004919
Length=10

 Score = 17.7 bits (34),  Expect = 4.1, Method: Compositional matrix adjust.
 Identities = 6/8 (75%), Positives = 7/8 (88%), Gaps = 0/8 (0%)

Query  1  ELTFTPAW  8
          +LTFTP W
Sbjct  1  QLTFTPNW  8


> hor004878
Length=8

 Score = 17.7 bits (34),  Expect = 4.2, Method: Compositional matrix adjust.
 Identities = 6/8 (75%), Positives = 7/8 (88%), Gaps = 0/8 (0%)

Query  1  ELTFTPAW  8
          +LTFTP W
Sbjct  1  QLTFTPNW  8


> hor004870
Length=8

 Score = 17.7 bits (34),  Expect = 4.2, Method: Compositional matrix adjust.
 Identities = 6/8 (75%), Positives = 7/8 (88%), Gaps = 0/8 (0%)

Query  1  ELTFTPAW  8
          +LTFTP W
Sbjct  1  QLTFTPNW  8


> hor004865
Length=8

 Score = 17.7 bits (34),  Expect = 4.2, Method: Compositional matrix adjust.
 Identities = 6/8 (75%), Positives = 7/8 (88%), Gaps = 0/8 (0%)

Query  1  ELTFTPAW  8
          +LTFTP W
Sbjct  1  QLTFTPNW  8


> hor000026
Length=8

 Score = 17.7 bits (34),  Expect = 4.3, Method: Compositional matrix adjust.
 Identities = 6/8 (75%), Positives = 7/8 (88%), Gaps = 0/8 (0%)

Query  1  ELTFTPAW  8
          ELTF+P W
Sbjct  1  ELTFSPDW  8


> hor000012
Length=8

 Score = 17.7 bits (34),  Expect = 4.3, Method: Compositional matrix adjust.
 Identities = 6/8 (75%), Positives = 7/8 (88%), Gaps = 0/8 (0%)

Query  1  ELTFTPAW  8
          ELTF+P W
Sbjct  1  ELTFSPDW  8


> hor000027
Length=8

 Score = 17.3 bits (33),  Expect = 4.9, Method: Compositional matrix adjust.
 Identities = 6/8 (75%), Positives = 6/8 (75%), Gaps = 0/8 (0%)

Query  1  ELTFTPAW  8
          EL FTP W
Sbjct  1  ELNFTPNW  8


> hor000030
Length=10

 Score = 17.3 bits (33),  Expect = 5.0, Method: Compositional matrix adjust.
 Identities = 6/8 (75%), Positives = 6/8 (75%), Gaps = 0/8 (0%)

Query  1  ELTFTPAW  8
          EL FTP W
Sbjct  1  ELNFTPNW  8


> hor000019
Length=10

 Score = 17.3 bits (33),  Expect = 5.0, Method: Compositional matrix adjust.
 Identities = 6/8 (75%), Positives = 6/8 (75%), Gaps = 0/8 (0%)

Query  1  ELTFTPAW  8
          EL FTP W
Sbjct  1  ELNFTPNW  8


> hor000020
Length=8

 Score = 16.9 bits (32),  Expect = 8.2, Method: Compositional matrix adjust.
 Identities = 5/8 (63%), Positives = 6/8 (75%), Gaps = 0/8 (0%)

Query  1  ELTFTPAW  8
          E+ FTP W
Sbjct  1  EINFTPNW  8


> hor005539
Length=8

 Score = 16.5 bits (31),  Expect = 8.4, Method: Compositional matrix adjust.
 Identities = 5/8 (63%), Positives = 7/8 (88%), Gaps = 0/8 (0%)

Query  1  ELTFTPAW  8
          +LTF+P W
Sbjct  1  QLTFSPDW  8


> hor004854
Length=8

 Score = 16.5 bits (31),  Expect = 8.4, Method: Compositional matrix adjust.
 Identities = 5/8 (63%), Positives = 7/8 (88%), Gaps = 0/8 (0%)

Query  1  ELTFTPAW  8
          +LTF+P W
Sbjct  1  QLTFSPDW  8


> hor004836
Length=8

 Score = 16.5 bits (31),  Expect = 8.4, Method: Compositional matrix adjust.
 Identities = 5/8 (63%), Positives = 7/8 (88%), Gaps = 0/8 (0%)

Query  1  ELTFTPAW  8
          +LTF+P W
Sbjct  1  QLTFSPDW  8


> hor005482
Length=10

 Score = 16.5 bits (31),  Expect = 9.6, Method: Compositional matrix adjust.
 Identities = 5/8 (63%), Positives = 6/8 (75%), Gaps = 0/8 (0%)

Query  1  ELTFTPAW  8
          +L FTP W
Sbjct  1  QLNFTPNW  8


> hor005480
Length=10

 Score = 16.5 bits (31),  Expect = 9.6, Method: Compositional matrix adjust.
 Identities = 5/8 (63%), Positives = 6/8 (75%), Gaps = 0/8 (0%)

Query  1  ELTFTPAW  8
          +L FTP W
Sbjct  1  QLNFTPNW  8


> hor005478
Length=10

 Score = 16.5 bits (31),  Expect = 9.6, Method: Compositional matrix adjust.
 Identities = 5/8 (63%), Positives = 6/8 (75%), Gaps = 0/8 (0%)

Query  1  ELTFTPAW  8
          +L FTP W
Sbjct  1  QLNFTPNW  8



Lambda     K      H
   0.322    0.133    0.521 

Gapped
Lambda     K      H
   0.267   0.0410    0.140 

Effective search space used: 893752


  Database: hor.fasta
    Posted date:  Apr 26, 2021  1:54 PM
  Number of letters in database: 111,719
  Number of sequences in database:  5,730



Matrix: BLOSUM62
Gap Penalties: Existence: 11, Extension: 1
Neighboring words threshold: 11
Window for multiple hits: 40
